0 info it worked if it ends with ok
1 verbose cli [ 'node', '/usr/local/bin/npm', 'install', '-g', 'jshint' ]
2 info using npm@1.4.28
3 info using node@v0.10.33
4 verbose cache add [ 'jshint', null ]
5 verbose cache add name=undefined spec="jshint" args=["jshint",null]
6 verbose parsed url { protocol: null,
6 verbose parsed url   slashes: null,
6 verbose parsed url   auth: null,
6 verbose parsed url   host: null,
6 verbose parsed url   port: null,
6 verbose parsed url   hostname: null,
6 verbose parsed url   hash: null,
6 verbose parsed url   search: null,
6 verbose parsed url   query: null,
6 verbose parsed url   pathname: 'jshint',
6 verbose parsed url   path: 'jshint',
6 verbose parsed url   href: 'jshint' }
7 silly lockFile da5c03cb-jshint jshint
8 verbose lock jshint /Users/babimor/.npm/da5c03cb-jshint.lock
9 silly lockFile da5c03cb-jshint jshint
10 silly lockFile da5c03cb-jshint jshint
11 verbose addNamed [ 'jshint', '' ]
12 verbose addNamed [ null, '*' ]
13 silly lockFile a02a2468-jshint jshint@
14 verbose lock jshint@ /Users/babimor/.npm/a02a2468-jshint.lock
15 silly addNameRange { name: 'jshint', range: '*', hasData: false }
16 verbose request where is /jshint
17 verbose request registry https://registry.npmjs.org/
18 verbose request id 6ca48f4b677b98ba
19 verbose url raw /jshint
20 verbose url resolving [ 'https://registry.npmjs.org/', './jshint' ]
21 verbose url resolved https://registry.npmjs.org/jshint
22 verbose request where is https://registry.npmjs.org/jshint
23 info trying registry request attempt 1 at 10:50:44
24 http GET https://registry.npmjs.org/jshint
25 info retry will retry, error on last attempt: Error: read ECONNRESET
26 info trying registry request attempt 2 at 10:50:54
27 http GET https://registry.npmjs.org/jshint
28 http 200 https://registry.npmjs.org/jshint
29 silly registry.get cb [ 200,
29 silly registry.get   { date: 'Fri, 31 Oct 2014 08:50:54 GMT',
29 silly registry.get     server: 'CouchDB/1.5.0 (Erlang OTP/R16B03)',
29 silly registry.get     etag: '"10BCB5EOHDUB4BICRUC4JFGE0"',
29 silly registry.get     'content-type': 'application/json',
29 silly registry.get     'cache-control': 'max-age=60',
29 silly registry.get     'content-length': '83435',
29 silly registry.get     'accept-ranges': 'bytes',
29 silly registry.get     via: '1.1 varnish',
29 silly registry.get     age: '20',
29 silly registry.get     'x-served-by': 'cache-lcy1120-LCY',
29 silly registry.get     'x-cache': 'HIT',
29 silly registry.get     'x-cache-hits': '2',
29 silly registry.get     'x-timer': 'S1414745454.422192,VS0,VE0',
29 silly registry.get     vary: 'Accept',
29 silly registry.get     'keep-alive': 'timeout=10, max=50',
29 silly registry.get     connection: 'Keep-Alive' } ]
30 silly addNameRange number 2 { name: 'jshint', range: '*', hasData: true }
31 silly addNameRange versions [ 'jshint',
31 silly addNameRange   [ '0.1.8',
31 silly addNameRange     '0.1.9',
31 silly addNameRange     '0.2.0',
31 silly addNameRange     '0.2.1',
31 silly addNameRange     '0.2.2',
31 silly addNameRange     '0.2.3',
31 silly addNameRange     '0.3.0',
31 silly addNameRange     '0.3.1',
31 silly addNameRange     '0.4.0',
31 silly addNameRange     '0.5.0',
31 silly addNameRange     '0.5.1',
31 silly addNameRange     '0.5.2',
31 silly addNameRange     '0.5.3',
31 silly addNameRange     '0.5.4',
31 silly addNameRange     '0.5.5',
31 silly addNameRange     '0.5.6',
31 silly addNameRange     '0.5.7',
31 silly addNameRange     '0.5.8',
31 silly addNameRange     '0.5.9',
31 silly addNameRange     '0.6.0',
31 silly addNameRange     '0.6.1',
31 silly addNameRange     '0.6.2',
31 silly addNameRange     '0.6.3',
31 silly addNameRange     '0.7.0',
31 silly addNameRange     '0.7.1',
31 silly addNameRange     '0.7.2',
31 silly addNameRange     '0.7.3',
31 silly addNameRange     '0.8.0',
31 silly addNameRange     '0.8.1',
31 silly addNameRange     '0.8.2',
31 silly addNameRange     '0.9.0',
31 silly addNameRange     '0.9.1',
31 silly addNameRange     '1.0.0',
31 silly addNameRange     '1.1.0',
31 silly addNameRange     '2.0.0',
31 silly addNameRange     '2.0.1',
31 silly addNameRange     '2.1.0',
31 silly addNameRange     '2.1.1',
31 silly addNameRange     '2.1.2',
31 silly addNameRange     '2.1.3',
31 silly addNameRange     '2.1.4',
31 silly addNameRange     '2.1.5',
31 silly addNameRange     '2.1.6',
31 silly addNameRange     '2.1.7',
31 silly addNameRange     '2.1.8',
31 silly addNameRange     '2.1.9',
31 silly addNameRange     '2.1.10',
31 silly addNameRange     '2.1.11',
31 silly addNameRange     '2.2.0',
31 silly addNameRange     '2.3.0',
31 silly addNameRange     '2.4.0',
31 silly addNameRange     '2.4.1',
31 silly addNameRange     '2.4.2',
31 silly addNameRange     '2.4.3',
31 silly addNameRange     '2.4.4',
31 silly addNameRange     '2.5.0',
31 silly addNameRange     '2.5.1',
31 silly addNameRange     '2.5.2',
31 silly addNameRange     '2.5.3',
31 silly addNameRange     '2.5.4',
31 silly addNameRange     '2.5.5',
31 silly addNameRange     '2.5.6',
31 silly addNameRange     '2.5.7',
31 silly addNameRange     '2.5.8' ] ]
32 verbose addNamed [ 'jshint', '2.5.8' ]
33 verbose addNamed [ '2.5.8', '2.5.8' ]
34 silly lockFile 77fc00bf-jshint-2-5-8 jshint@2.5.8
35 verbose lock jshint@2.5.8 /Users/babimor/.npm/77fc00bf-jshint-2-5-8.lock
36 silly lockFile 375b3db5-pmjs-org-jshint-jshint-2-5-8-tgz https://registry.npmjs.org/jshint/-/jshint-2.5.8.tgz
37 verbose lock https://registry.npmjs.org/jshint/-/jshint-2.5.8.tgz /Users/babimor/.npm/375b3db5-pmjs-org-jshint-jshint-2-5-8-tgz.lock
38 verbose addRemoteTarball [ 'https://registry.npmjs.org/jshint/-/jshint-2.5.8.tgz',
38 verbose addRemoteTarball   '31ddb3c17df48fe04cff24abe0a1bb1c1bc529f5' ]
39 info retry fetch attempt 1 at 10:50:55
40 verbose fetch to= /var/folders/97/wc38slwj1bg1sd14jytg7skc0000gp/T/npm-11046-dcCYjf_P/registry.npmjs.org/jshint/-/jshint-2.5.8.tgz
41 http GET https://registry.npmjs.org/jshint/-/jshint-2.5.8.tgz
42 error fetch failed https://registry.npmjs.org/jshint/-/jshint-2.5.8.tgz
43 info retry will retry, error on last attempt: Error: read ECONNRESET
44 info retry fetch attempt 2 at 10:51:05
45 verbose fetch to= /var/folders/97/wc38slwj1bg1sd14jytg7skc0000gp/T/npm-11046-dcCYjf_P/registry.npmjs.org/jshint/-/jshint-2.5.8.tgz
46 http GET https://registry.npmjs.org/jshint/-/jshint-2.5.8.tgz
47 http 200 https://registry.npmjs.org/jshint/-/jshint-2.5.8.tgz
48 silly lockFile 375b3db5-pmjs-org-jshint-jshint-2-5-8-tgz https://registry.npmjs.org/jshint/-/jshint-2.5.8.tgz
49 silly lockFile 375b3db5-pmjs-org-jshint-jshint-2-5-8-tgz https://registry.npmjs.org/jshint/-/jshint-2.5.8.tgz
50 silly lockFile 77fc00bf-jshint-2-5-8 jshint@2.5.8
51 silly lockFile 77fc00bf-jshint-2-5-8 jshint@2.5.8
52 silly lockFile a02a2468-jshint jshint@
53 silly lockFile a02a2468-jshint jshint@
54 silly resolved [ { name: 'jshint',
54 silly resolved     version: '2.5.8',
54 silly resolved     homepage: 'http://jshint.com/',
54 silly resolved     description: 'Static analysis tool for JavaScript',
54 silly resolved     author:
54 silly resolved      { name: 'Anton Kovalyov',
54 silly resolved        email: 'anton@kovalyov.net',
54 silly resolved        url: 'http://anton.kovalyov.net/' },
54 silly resolved     repository: { type: 'git', url: 'https://github.com/jshint/jshint.git' },
54 silly resolved     bugs: { url: 'https://github.com/jshint/jshint/issues' },
54 silly resolved     bin: { jshint: './bin/jshint' },
54 silly resolved     scripts:
54 silly resolved      { build: 'node bin/build',
54 silly resolved        data: 'node scripts/generate-identifier-data',
54 silly resolved        pretest: 'jshint src',
54 silly resolved        test: 'nodeunit tests tests/regression tests/unit' },
54 silly resolved     main: './src/jshint.js',
54 silly resolved     dependencies:
54 silly resolved      { cli: '0.6.x',
54 silly resolved        'console-browserify': '1.1.x',
54 silly resolved        exit: '0.1.x',
54 silly resolved        htmlparser2: '3.8.x',
54 silly resolved        minimatch: '1.0.x',
54 silly resolved        shelljs: '0.3.x',
54 silly resolved        'strip-json-comments': '1.0.x',
54 silly resolved        underscore: '1.6.x' },
54 silly resolved     devDependencies:
54 silly resolved      { browserify: '6.x',
54 silly resolved        coveraje: '0.2.x',
54 silly resolved        jshint: '2.5.x',
54 silly resolved        'mock-stdin': '0.3.x',
54 silly resolved        nodeunit: '0.9.x',
54 silly resolved        regenerate: '1.0.x',
54 silly resolved        sinon: '1.11.x',
54 silly resolved        'unicode-6.3.0': '0.1.x' },
54 silly resolved     licenses: [ [Object] ],
54 silly resolved     preferGlobal: true,
54 silly resolved     files: [ 'bin', 'data', 'dist', 'src' ],
54 silly resolved     gitHead: '53556a7e6a4f6a7bb1bee6e83a229e0481b782b9',
54 silly resolved     _id: 'jshint@2.5.8',
54 silly resolved     _shasum: '31ddb3c17df48fe04cff24abe0a1bb1c1bc529f5',
54 silly resolved     _from: 'jshint@',
54 silly resolved     _npmVersion: '1.5.0-alpha-1',
54 silly resolved     _npmUser: { name: 'rwaldron', email: 'waldron.rick@gmail.com' },
54 silly resolved     maintainers: [ [Object], [Object] ],
54 silly resolved     dist:
54 silly resolved      { shasum: '31ddb3c17df48fe04cff24abe0a1bb1c1bc529f5',
54 silly resolved        tarball: 'http://registry.npmjs.org/jshint/-/jshint-2.5.8.tgz' },
54 silly resolved     directories: {},
54 silly resolved     _resolved: 'https://registry.npmjs.org/jshint/-/jshint-2.5.8.tgz' } ]
55 info install jshint@2.5.8 into /usr/local/lib
56 info installOne jshint@2.5.8
57 verbose lib/node_modules/jshint unbuild
58 verbose tar unpack /Users/babimor/.npm/jshint/2.5.8/package.tgz
59 silly lockFile 59dfcd45-sr-local-lib-node-modules-jshint tar:///usr/local/lib/node_modules/jshint
60 verbose lock tar:///usr/local/lib/node_modules/jshint /Users/babimor/.npm/59dfcd45-sr-local-lib-node-modules-jshint.lock
61 silly lockFile 027e95f7-mor-npm-jshint-2-5-8-package-tgz tar:///Users/babimor/.npm/jshint/2.5.8/package.tgz
62 verbose lock tar:///Users/babimor/.npm/jshint/2.5.8/package.tgz /Users/babimor/.npm/027e95f7-mor-npm-jshint-2-5-8-package-tgz.lock
63 silly gunzTarPerm modes [ '755', '644' ]
64 error Error: EACCES, mkdir '/usr/local/lib/node_modules/jshint'
64 error  { [Error: EACCES, mkdir '/usr/local/lib/node_modules/jshint']
64 error   errno: 3,
64 error   code: 'EACCES',
64 error   path: '/usr/local/lib/node_modules/jshint',
64 error   fstream_type: 'Directory',
64 error   fstream_path: '/usr/local/lib/node_modules/jshint',
64 error   fstream_class: 'DirWriter',
64 error   fstream_stack:
64 error    [ '/usr/local/lib/node_modules/npm/node_modules/fstream/lib/dir-writer.js:36:23',
64 error      '/usr/local/lib/node_modules/npm/node_modules/mkdirp/index.js:46:53',
64 error      'Object.oncomplete (fs.js:107:15)' ] }
65 error Please try running this command again as root/Administrator.
66 error System Darwin 13.4.0
67 error command "node" "/usr/local/bin/npm" "install" "-g" "jshint"
68 error cwd /Users/babimor/Sites/github-pages/projects/webapp
69 error node -v v0.10.33
70 error npm -v 1.4.28
71 error path /usr/local/lib/node_modules/jshint
72 error fstream_path /usr/local/lib/node_modules/jshint
73 error fstream_type Directory
74 error fstream_class DirWriter
75 error code EACCES
76 error errno 3
77 error stack Error: EACCES, mkdir '/usr/local/lib/node_modules/jshint'
78 error fstream_stack /usr/local/lib/node_modules/npm/node_modules/fstream/lib/dir-writer.js:36:23
78 error fstream_stack /usr/local/lib/node_modules/npm/node_modules/mkdirp/index.js:46:53
78 error fstream_stack Object.oncomplete (fs.js:107:15)
79 verbose exit [ 3, true ]
